// 同步 ID: ad5ff892 @ Wed Jun 24 13:03:30 UTC 2026
// 同步 ID: 1040f719 @ Thu Jun 25 05:18:35 UTC 2026
// 重构日志: 2341189f
// 重构日志: 8677967e
// 重构日志: 854aa659
// 同步 ID: 1def6e42 @ Fri Jun 26 16:23:02 UTC 2026
// 重构日志: 06e0107f
// 同步 ID: b6a0de51 @ Sat Jun 27 11:03:14 UTC 2026
// 同步 ID: 2a40aa5f @ Sat Jun 27 15:07:32 UTC 2026
// 同步 ID: 9446de50 @ Sun Jun 28 05:59:46 UTC 2026
// 同步 ID: 27bb5a0f @ Sun Jun 28 10:27:16 UTC 2026
// 同步 ID: 98f06a85 @ Tue Jun 30 00:48:51 UTC 2026
// 同步 ID: 8b5da7a5 @ Tue Jun 30 10:55:24 UTC 2026
// 重构日志: 5b790553
// 重构日志: 986e4937
// 同步 ID: 42996166 @ Wed Jul  1 13:40:48 UTC 2026
// 重构日志: 004fcb54
// 同步 ID: 5127fe02 @ Thu Jul  2 17:12:31 UTC 2026
// 同步 ID: f8037599 @ Fri Jul  3 15:22:52 UTC 2026
// 同步 ID: 31ce3e66 @ Fri Jul  3 17:23:53 UTC 2026
// 同步 ID: a5f3bf7d @ Sat Jul  4 12:28:29 UTC 2026
// 重构日志: 3139775d
// 重构日志: 4ff28f9e
// 重构日志: 1d62d04c
// 重构日志: bc3f73e7
// 重构日志: 844d04b3
// 重构日志: 8eb2a4ad
// 重构日志: b230ad0a
// 同步 ID: 15ca5f1e @ Fri Jul 10 12:07:43 UTC 2026
// 同步 ID: 758287a4 @ Fri Jul 10 15:34:59 UTC 2026
// 重构日志: c78be7a7
// 重构日志: f337e444
// 重构日志: 03f3f919
// 重构日志: 9c8a120c
// 重构日志: 09f9c21f
// 重构日志: 71adc2b9
// 重构日志: 00ae7239
